<?xml version="1.0" encoding="UTF-8"?>
<!-- Generated by org.testng.reporters.JUnitXMLReporter -->
<testsuite hostname="Harshini" ignored="0" name="Login" tests="9" failures="0" timestamp="2023-04-20T16:47:43 EDT" time="0.039" errors="0">
  <testcase name="login" time="0.005" classname="com.training.annotation.Test1"/>
  <testcase name="login" time="0.004" classname="com.training.annotation.Test2"/>
  <testcase name="login" time="0.005" classname="com.training.annotation1.Test4"/>
  <testcase name="login1" time="0.001" classname="com.training.annotation.Test1"/>
  <testcase name="login1" time="0.001" classname="com.training.annotation1.Test4"/>
  <testcase name="login1" time="0.001" classname="com.training.annotation.Test2"/>
  <testcase name="login3" time="0.001" classname="com.training.annotation.Test2"/>
  <testcase name="login3" time="0.0" classname="com.training.annotation.Test1"/>
  <testcase name="login3" time="0.001" classname="com.training.annotation1.Test4"/>
</testsuite> <!-- Login -->
