<?xml version="1.0" encoding="UTF-8"?>
<!-- Generated by org.testng.reporters.JUnitXMLReporter -->
<testsuite hostname="Harshini" ignored="0" name="Default test" tests="3" failures="0" timestamp="2023-04-20T19:29:51 EDT" time="0.035" errors="0">
  <testcase name="login" time="0.004" classname="com.training.annotation.Test1"/>
  <testcase name="login1" time="0.0" classname="com.training.annotation.Test1"/>
  <testcase name="login3" time="0.0" classname="com.training.annotation.Test1"/>
</testsuite> <!-- Default test -->
