<?xml version="1.0" encoding="UTF-8"?>
<testng-results skipped="0" failed="0" ignored="0" total="3" passed="3">
  <reporter-output>
  </reporter-output>
  <suite name="Default suite" duration-ms="35" started-at="2023-04-20T19:29:51 EDT" finished-at="2023-04-20T19:29:51 EDT">
    <groups>
      <group name="regression">
        <method signature="Test1.login1()[pri:1, instance:com.training.annotation.Test1@17d0685f]" name="login1" class="com.training.annotation.Test1"/>
      </group> <!-- regression -->
      <group name="smoke">
        <method signature="Test1.login()[pri:0, instance:com.training.annotation.Test1@17d0685f]" name="login" class="com.training.annotation.Test1"/>
        <method signature="Test1.login1()[pri:1, instance:com.training.annotation.Test1@17d0685f]" name="login1" class="com.training.annotation.Test1"/>
      </group> <!-- smoke -->
    </groups>
    <test name="Default test" duration-ms="35" started-at="2023-04-20T19:29:51 EDT" finished-at="2023-04-20T19:29:51 EDT">
      <class name="com.training.annotation.Test1">
        <test-method status="PASS" signature="beforeSuite()[pri:0, instance:com.training.annotation.Test1@17d0685f]" name="beforeSuite" is-config="true" duration-ms="6" started-at="2023-04-20T19:29:51 EDT" finished-at="2023-04-20T19:29:51 EDT">
          <reporter-output>
          </reporter-output>
        </test-method> <!-- beforeSuite -->
        <test-method status="PASS" signature="BeforeTest()[pri:0, instance:com.training.annotation.Test1@17d0685f]" name="BeforeTest" is-config="true" duration-ms="1" started-at="2023-04-20T19:29:51 EDT" finished-at="2023-04-20T19:29:51 EDT">
          <reporter-output>
          </reporter-output>
        </test-method> <!-- BeforeTest -->
        <test-method status="PASS" signature="beforeMethod()[pri:0, instance:com.training.annotation.Test1@17d0685f]" name="beforeMethod" is-config="true" duration-ms="2" started-at="2023-04-20T19:29:51 EDT" finished-at="2023-04-20T19:29:51 EDT">
          <reporter-output>
          </reporter-output>
        </test-method> <!-- beforeMethod -->
        <test-method status="PASS" signature="login()[pri:0, instance:com.training.annotation.Test1@17d0685f]" name="login" duration-ms="4" started-at="2023-04-20T19:29:51 EDT" finished-at="2023-04-20T19:29:51 EDT">
          <reporter-output>
          </reporter-output>
        </test-method> <!-- login -->
        <test-method status="PASS" signature="TearDown()[pri:0, instance:com.training.annotation.Test1@17d0685f]" name="TearDown" is-config="true" duration-ms="1" started-at="2023-04-20T19:29:51 EDT" finished-at="2023-04-20T19:29:51 EDT">
          <reporter-output>
          </reporter-output>
        </test-method> <!-- TearDown -->
        <test-method status="PASS" signature="beforeMethod()[pri:0, instance:com.training.annotation.Test1@17d0685f]" name="beforeMethod" is-config="true" duration-ms="1" started-at="2023-04-20T19:29:51 EDT" finished-at="2023-04-20T19:29:51 EDT">
          <reporter-output>
          </reporter-output>
        </test-method> <!-- beforeMethod -->
        <test-method status="PASS" signature="login1()[pri:1, instance:com.training.annotation.Test1@17d0685f]" name="login1" duration-ms="0" started-at="2023-04-20T19:29:51 EDT" finished-at="2023-04-20T19:29:51 EDT">
          <reporter-output>
          </reporter-output>
        </test-method> <!-- login1 -->
        <test-method status="PASS" signature="TearDown()[pri:0, instance:com.training.annotation.Test1@17d0685f]" name="TearDown" is-config="true" duration-ms="0" started-at="2023-04-20T19:29:51 EDT" finished-at="2023-04-20T19:29:51 EDT">
          <reporter-output>
          </reporter-output>
        </test-method> <!-- TearDown -->
        <test-method status="PASS" signature="beforeMethod()[pri:0, instance:com.training.annotation.Test1@17d0685f]" name="beforeMethod" is-config="true" duration-ms="0" started-at="2023-04-20T19:29:51 EDT" finished-at="2023-04-20T19:29:51 EDT">
          <reporter-output>
          </reporter-output>
        </test-method> <!-- beforeMethod -->
        <test-method status="PASS" signature="login3()[pri:2, instance:com.training.annotation.Test1@17d0685f]" name="login3" duration-ms="0" started-at="2023-04-20T19:29:51 EDT" finished-at="2023-04-20T19:29:51 EDT">
          <reporter-output>
          </reporter-output>
        </test-method> <!-- login3 -->
        <test-method status="PASS" signature="TearDown()[pri:0, instance:com.training.annotation.Test1@17d0685f]" name="TearDown" is-config="true" duration-ms="0" started-at="2023-04-20T19:29:51 EDT" finished-at="2023-04-20T19:29:51 EDT">
          <reporter-output>
          </reporter-output>
        </test-method> <!-- TearDown -->
        <test-method status="PASS" signature="afterTest()[pri:0, instance:com.training.annotation.Test1@17d0685f]" name="afterTest" is-config="true" duration-ms="0" started-at="2023-04-20T19:29:51 EDT" finished-at="2023-04-20T19:29:51 EDT">
          <reporter-output>
          </reporter-output>
        </test-method> <!-- afterTest -->
        <test-method status="PASS" signature="after()[pri:0, instance:com.training.annotation.Test1@17d0685f]" name="after" is-config="true" duration-ms="0" started-at="2023-04-20T19:29:51 EDT" finished-at="2023-04-20T19:29:51 EDT">
          <reporter-output>
          </reporter-output>
        </test-method> <!-- after -->
      </class> <!-- com.training.annotation.Test1 -->
    </test> <!-- Default test -->
  </suite> <!-- Default suite -->
</testng-results>
