<?xml version="1.0" encoding="UTF-8"?>
<!-- Generated by org.testng.reporters.JUnitXMLReporter -->
<testsuite hostname="Harshini" ignored="1" name="GRP-smoke" tests="2" failures="0" timestamp="2023-04-20T19:29:21 EDT" time="0.039" errors="0">
  <testcase name="login" time="0.006" classname="com.training.annotation.Test1"/>
  <testcase name="login1" time="0.0" classname="com.training.annotation.Test1"/>
  <testcase name="login3" time="0.0" classname="com.training.annotation.Test1">
    <ignored/>
  </testcase> <!-- login3 -->
</testsuite> <!-- GRP-smoke -->
